<?xml version="1.0" encoding="UTF-8"?>
<!-- Generated by org.testng.reporters.JUnitReportReporter -->
<testsuite hostname="DESKTOP-9LN3PKI" failures="0" tests="1" name="automation.selenium.E2E_Selenium_Java_Framework.ErrorValidation" time="4.326" errors="0" timestamp="2025-07-13T13:01:10 PKT" skipped="0">
  <testcase classname="automation.selenium.E2E_Selenium_Java_Framework.ErrorValidation" name="validateError" time="4.326"/>
</testsuite> <!-- automation.selenium.E2E_Selenium_Java_Framework.ErrorValidation -->
