<?xml version="1.0" encoding="UTF-8"?>
<!-- Generated by org.testng.reporters.JUnitReportReporter -->
<testsuite hostname="DESKTOP-9LN3PKI" failures="0" tests="1" name="automation.selenium.E2E_Selenium_Java_Framework.purchaseOrderTest" time="9.903" errors="0" timestamp="2025-07-12T18:12:30 PKT" skipped="0">
  <testcase classname="automation.selenium.E2E_Selenium_Java_Framework.purchaseOrderTest" name="loginTest" time="9.903"/>
</testsuite> <!-- automation.selenium.E2E_Selenium_Java_Framework.purchaseOrderTest -->
