<?xml version="1.0" encoding="UTF-8"?>
<!-- Generated by org.testng.reporters.JUnitReportReporter -->
<testsuite hostname="DESKTOP-9LN3PKI" failures="0" tests="1" name="automation.selenium.E2E_Selenium_Java_Framework.TestngApplication" time="2.439" errors="0" timestamp="2025-07-09T18:33:00 PKT" skipped="0">
  <testcase classname="automation.selenium.E2E_Selenium_Java_Framework.TestngApplication" name="test" time="2.439"/>
</testsuite> <!-- automation.selenium.E2E_Selenium_Java_Framework.TestngApplication -->
