<?xml version="1.0" encoding="UTF-8"?>
<!-- Generated by org.testng.reporters.JUnitReportReporter -->
<testsuite hostname="DESKTOP-9LN3PKI" failures="0" tests="2" name="AbstractComponents.ErrorValidation" time="7.211" errors="0" timestamp="2025-07-12T11:03:24 PKT" skipped="0">
  <testcase classname="AbstractComponents.ErrorValidation" name="validateError" time="4.069"/>
  <testcase classname="AbstractComponents.ErrorValidation" name="loginMessageValidation" time="3.142"/>
</testsuite> <!-- AbstractComponents.ErrorValidation -->
