<?xml version="1.0" encoding="UTF-8"?>
<!-- Generated by org.testng.reporters.JUnitReportReporter -->
<testsuite hostname="DESKTOP-9LN3PKI" failures="0" tests="2" name="automation.selenium.E2E_Selenium_Java_Framework.TestFromExcelSheet" time="0.010" errors="0" timestamp="2025-07-14T12:00:27 PKT" skipped="0">
  <testcase classname="automation.selenium.E2E_Selenium_Java_Framework.TestFromExcelSheet" name="loginTest" time="0.002"/>
  <testcase classname="automation.selenium.E2E_Selenium_Java_Framework.TestFromExcelSheet" name="loginTest" time="0.008"/>
</testsuite> <!-- automation.selenium.E2E_Selenium_Java_Framework.TestFromExcelSheet -->
