<?xml version="1.0" encoding="UTF-8"?>
<!-- Generated by org.testng.reporters.JUnitReportReporter -->
<testsuite hostname="DESKTOP-9LN3PKI" failures="0" tests="1" name="cucumber.TestNGTestRunner" time="5.031" errors="0" timestamp="2025-07-13T20:44:47 PKT" skipped="0">
  <testcase classname="cucumber.TestNGTestRunner" name="runScenario" time="5.031"/>
</testsuite> <!-- cucumber.TestNGTestRunner -->
