<?xml version="1.0" encoding="UTF-8"?>
<!-- Generated by org.testng.reporters.JUnitReportReporter -->
<testsuite hostname="DESKTOP-9LN3PKI" failures="0" tests="1" name="cucumber.ReportRunner" time="0.006" errors="0" timestamp="2025-07-13T19:15:43 PKT" skipped="0">
  <testcase classname="cucumber.ReportRunner" name="generateCucumberReport" time="0.006"/>
</testsuite> <!-- cucumber.ReportRunner -->
