<?xml version="1.0" encoding="UTF-8"?>
<!-- Generated by org.testng.reporters.JUnitReportReporter -->
<testsuite hostname="DESKTOP-9LN3PKI" failures="0" tests="2" name="automation.selenium.E2E_Selenium_Java_Framework.DataDrivenErrorHandling" time="7.263" errors="0" timestamp="2025-07-12T12:47:40 PKT" skipped="0">
  <testcase classname="automation.selenium.E2E_Selenium_Java_Framework.DataDrivenErrorHandling" name="validateError" time="2.915"/>
  <testcase classname="automation.selenium.E2E_Selenium_Java_Framework.DataDrivenErrorHandling" name="validateError" time="4.348"/>
</testsuite> <!-- automation.selenium.E2E_Selenium_Java_Framework.DataDrivenErrorHandling -->
