<?xml version="1.0" encoding="UTF-8"?>
<!-- Generated by org.testng.reporters.JUnitReportReporter -->
<testsuite hostname="DESKTOP-9LN3PKI" failures="0" tests="2" name="automation.selenium.E2E_Selenium_Java_Framework.DataDrivenJson" time="9.639" errors="0" timestamp="2025-07-12T14:37:37 PKT" skipped="0">
  <testcase classname="automation.selenium.E2E_Selenium_Java_Framework.DataDrivenJson" name="validateError" time="5.436"/>
  <testcase classname="automation.selenium.E2E_Selenium_Java_Framework.DataDrivenJson" name="validateError" time="4.203"/>
</testsuite> <!-- automation.selenium.E2E_Selenium_Java_Framework.DataDrivenJson -->
